<?xml version="1.0" encoding="UTF-8"?>
<testng-results ignored="0" total="1" passed="1" failed="0" skipped="0">
  <reporter-output>
  </reporter-output>
  <suite started-at="2022-12-31T10:16:40 IST" name="Default suite" finished-at="2022-12-31T10:16:54 IST" duration-ms="13165">
    <groups>
    </groups>
    <test started-at="2022-12-31T10:16:40 IST" name="Default test" finished-at="2022-12-31T10:16:54 IST" duration-ms="13165">
      <class name="drivers.property">
        <test-method signature="property()[pri:0, instance:drivers.property@79ad8b2f]" started-at="2022-12-31T10:16:41 IST" name="property" finished-at="2022-12-31T10:16:54 IST" duration-ms="13125" status="PASS">
          <reporter-output>
          </reporter-output>
        </test-method> <!-- property -->
      </class> <!-- drivers.property -->
    </test> <!-- Default test -->
  </suite> <!-- Default suite -->
</testng-results>
