<?xml version="1.0" encoding="UTF-8"?>
<testng-results ignored="0" total="1" passed="1" failed="0" skipped="0">
  <reporter-output>
  </reporter-output>
  <suite started-at="2022-12-23T15:41:46 IST" name="Default suite" finished-at="2022-12-23T15:42:25 IST" duration-ms="39126">
    <groups>
    </groups>
    <test started-at="2022-12-23T15:41:46 IST" name="Default test" finished-at="2022-12-23T15:42:25 IST" duration-ms="39126">
      <class name="Demo.login">
        <test-method signature="test()[pri:0, instance:Demo.login@747edf66]" started-at="2022-12-23T15:41:46 IST" name="test" finished-at="2022-12-23T15:42:25 IST" duration-ms="39089" status="PASS">
          <reporter-output>
          </reporter-output>
        </test-method> <!-- test -->
      </class> <!-- Demo.login -->
    </test> <!-- Default test -->
  </suite> <!-- Default suite -->
</testng-results>
